[2024-09-25T19:08:56.745+0000] {local_task_job_runner.py:120} INFO - ::group::Pre task execution logs
[2024-09-25T19:08:56.755+0000] {taskinstance.py:2073} INFO - Dependencies all met for dep_context=non-requeueable deps ti=<TaskInstance: AirCrashInvestigation_pipeline.scrape manual__2024-09-25T19:06:55.489132+00:00 [queued]>
[2024-09-25T19:08:56.759+0000] {taskinstance.py:2073} INFO - Dependencies all met for dep_context=requeueable deps ti=<TaskInstance: AirCrashInvestigation_pipeline.scrape manual__2024-09-25T19:06:55.489132+00:00 [queued]>
[2024-09-25T19:08:56.760+0000] {taskinstance.py:2303} INFO - Starting attempt 2 of 2
[2024-09-25T19:08:56.765+0000] {taskinstance.py:2327} INFO - Executing <Task(BashOperator): scrape> on 2024-09-25 19:06:55.489132+00:00
[2024-09-25T19:08:56.768+0000] {warnings.py:110} WARNING - /home/***/.local/lib/python3.12/site-packages/***/task/task_runner/standard_task_runner.py:61: DeprecationWarning: This process (pid=1140) is multi-threaded, use of fork() may lead to deadlocks in the child.
  pid = os.fork()

[2024-09-25T19:08:56.769+0000] {standard_task_runner.py:63} INFO - Started process 1141 to run task
[2024-09-25T19:08:56.769+0000] {standard_task_runner.py:90} INFO - Running: ['***', 'tasks', 'run', 'AirCrashInvestigation_pipeline', 'scrape', 'manual__2024-09-25T19:06:55.489132+00:00', '--job-id', '44', '--raw', '--subdir', 'DAGS_FOLDER/main_dag.py', '--cfg-path', '/tmp/tmp3_tgmkq7']
[2024-09-25T19:08:56.770+0000] {standard_task_runner.py:91} INFO - Job 44: Subtask scrape
[2024-09-25T19:08:56.793+0000] {task_command.py:426} INFO - Running <TaskInstance: AirCrashInvestigation_pipeline.scrape manual__2024-09-25T19:06:55.489132+00:00 [running]> on host 233e233591d2
[2024-09-25T19:08:56.834+0000] {taskinstance.py:2644} INFO - Exporting env vars: AIRFLOW_CTX_DAG_OWNER='***' AIRFLOW_CTX_DAG_ID='AirCrashInvestigation_pipeline' AIRFLOW_CTX_TASK_ID='scrape' AIRFLOW_CTX_EXECUTION_DATE='2024-09-25T19:06:55.489132+00:00' AIRFLOW_CTX_TRY_NUMBER='2' AIRFLOW_CTX_DAG_RUN_ID='manual__2024-09-25T19:06:55.489132+00:00'
[2024-09-25T19:08:56.834+0000] {taskinstance.py:430} INFO - ::endgroup::
[2024-09-25T19:08:56.841+0000] {subprocess.py:63} INFO - Tmp dir root location: /tmp
[2024-09-25T19:08:56.841+0000] {subprocess.py:75} INFO - Running command: ['/usr/bin/bash', '-c', 'python3 tasks/testcode.py']
[2024-09-25T19:08:56.846+0000] {subprocess.py:86} INFO - Output:
[2024-09-25T19:08:56.865+0000] {subprocess.py:93} INFO - python3: can't open file '/tmp/***tmppkz4yeye/tasks/testcode.py': [Errno 2] No such file or directory
[2024-09-25T19:08:56.867+0000] {subprocess.py:97} INFO - Command exited with return code 2
[2024-09-25T19:08:56.868+0000] {taskinstance.py:441} INFO - ::group::Post task execution logs
[2024-09-25T19:08:56.874+0000] {taskinstance.py:2890} ERROR - Task failed with exception
Traceback (most recent call last):
  File "/home/airflow/.local/lib/python3.12/site-packages/airflow/models/taskinstance.py", line 465, in _execute_task
    result = _execute_callable(context=context, **execute_callable_kwargs)
             ^^^^^^^^^^^^^^^^^^^^^^^^^^^^^^^^^^^^^^^^^^^^^^^^^^^^^^^^^^^^^
  File "/home/airflow/.local/lib/python3.12/site-packages/airflow/models/taskinstance.py", line 432, in _execute_callable
    return execute_callable(context=context, **execute_callable_kwargs)
           ^^^^^^^^^^^^^^^^^^^^^^^^^^^^^^^^^^^^^^^^^^^^^^^^^^^^^^^^^^^^
  File "/home/airflow/.local/lib/python3.12/site-packages/airflow/models/baseoperator.py", line 400, in wrapper
    return func(self, *args, **kwargs)
           ^^^^^^^^^^^^^^^^^^^^^^^^^^^
  File "/home/airflow/.local/lib/python3.12/site-packages/airflow/operators/bash.py", line 243, in execute
    raise AirflowException(
airflow.exceptions.AirflowException: Bash command failed. The command returned a non-zero exit code 2.
[2024-09-25T19:08:56.877+0000] {taskinstance.py:1205} INFO - Marking task as FAILED. dag_id=AirCrashInvestigation_pipeline, task_id=scrape, execution_date=20240925T190655, start_date=20240925T190856, end_date=20240925T190856
[2024-09-25T19:08:56.883+0000] {standard_task_runner.py:110} ERROR - Failed to execute job 44 for task scrape (Bash command failed. The command returned a non-zero exit code 2.; 1141)
[2024-09-25T19:08:56.908+0000] {local_task_job_runner.py:240} INFO - Task exited with return code 1
[2024-09-25T19:08:56.918+0000] {taskinstance.py:3482} INFO - 0 downstream tasks scheduled from follow-on schedule check
[2024-09-25T19:08:56.919+0000] {local_task_job_runner.py:222} INFO - ::endgroup::
