[2024-09-25T18:37:52.372+0000] {local_task_job_runner.py:120} INFO - ::group::Pre task execution logs
[2024-09-25T18:37:52.385+0000] {taskinstance.py:2073} INFO - Dependencies all met for dep_context=non-requeueable deps ti=<TaskInstance: AirCrashInvestigation_pipeline.scrape manual__2024-09-25T18:37:51.831451+00:00 [queued]>
[2024-09-25T18:37:52.390+0000] {taskinstance.py:2073} INFO - Dependencies all met for dep_context=requeueable deps ti=<TaskInstance: AirCrashInvestigation_pipeline.scrape manual__2024-09-25T18:37:51.831451+00:00 [queued]>
[2024-09-25T18:37:52.391+0000] {taskinstance.py:2303} INFO - Starting attempt 1 of 2
[2024-09-25T18:37:52.399+0000] {taskinstance.py:2327} INFO - Executing <Task(BashOperator): scrape> on 2024-09-25 18:37:51.831451+00:00
[2024-09-25T18:37:52.405+0000] {warnings.py:110} WARNING - /home/***/.local/lib/python3.12/site-packages/***/task/task_runner/standard_task_runner.py:61: DeprecationWarning: This process (pid=705) is multi-threaded, use of fork() may lead to deadlocks in the child.
  pid = os.fork()

[2024-09-25T18:37:52.408+0000] {standard_task_runner.py:63} INFO - Started process 706 to run task
[2024-09-25T18:37:52.407+0000] {standard_task_runner.py:90} INFO - Running: ['***', 'tasks', 'run', 'AirCrashInvestigation_pipeline', 'scrape', 'manual__2024-09-25T18:37:51.831451+00:00', '--job-id', '22', '--raw', '--subdir', 'DAGS_FOLDER/main_dag.py', '--cfg-path', '/tmp/tmpq63xtixp']
[2024-09-25T18:37:52.409+0000] {standard_task_runner.py:91} INFO - Job 22: Subtask scrape
[2024-09-25T18:37:52.437+0000] {task_command.py:426} INFO - Running <TaskInstance: AirCrashInvestigation_pipeline.scrape manual__2024-09-25T18:37:51.831451+00:00 [running]> on host 233e233591d2
[2024-09-25T18:37:52.507+0000] {taskinstance.py:2644} INFO - Exporting env vars: AIRFLOW_CTX_DAG_OWNER='***' AIRFLOW_CTX_DAG_ID='AirCrashInvestigation_pipeline' AIRFLOW_CTX_TASK_ID='scrape' AIRFLOW_CTX_EXECUTION_DATE='2024-09-25T18:37:51.831451+00:00' AIRFLOW_CTX_TRY_NUMBER='1' AIRFLOW_CTX_DAG_RUN_ID='manual__2024-09-25T18:37:51.831451+00:00'
[2024-09-25T18:37:52.508+0000] {taskinstance.py:430} INFO - ::endgroup::
[2024-09-25T18:37:52.515+0000] {subprocess.py:63} INFO - Tmp dir root location: /tmp
[2024-09-25T18:37:52.515+0000] {subprocess.py:75} INFO - Running command: ['/usr/bin/bash', '-c', 'python ../tasks/testcode.py']
[2024-09-25T18:37:52.522+0000] {subprocess.py:86} INFO - Output:
[2024-09-25T18:37:52.540+0000] {subprocess.py:93} INFO - python: can't open file '/tmp/***tmppwp6m21b/../tasks/testcode.py': [Errno 2] No such file or directory
[2024-09-25T18:37:52.542+0000] {subprocess.py:97} INFO - Command exited with return code 2
[2024-09-25T18:37:52.543+0000] {taskinstance.py:441} INFO - ::group::Post task execution logs
[2024-09-25T18:37:52.549+0000] {taskinstance.py:2890} ERROR - Task failed with exception
Traceback (most recent call last):
  File "/home/airflow/.local/lib/python3.12/site-packages/airflow/models/taskinstance.py", line 465, in _execute_task
    result = _execute_callable(context=context, **execute_callable_kwargs)
             ^^^^^^^^^^^^^^^^^^^^^^^^^^^^^^^^^^^^^^^^^^^^^^^^^^^^^^^^^^^^^
  File "/home/airflow/.local/lib/python3.12/site-packages/airflow/models/taskinstance.py", line 432, in _execute_callable
    return execute_callable(context=context, **execute_callable_kwargs)
           ^^^^^^^^^^^^^^^^^^^^^^^^^^^^^^^^^^^^^^^^^^^^^^^^^^^^^^^^^^^^
  File "/home/airflow/.local/lib/python3.12/site-packages/airflow/models/baseoperator.py", line 400, in wrapper
    return func(self, *args, **kwargs)
           ^^^^^^^^^^^^^^^^^^^^^^^^^^^
  File "/home/airflow/.local/lib/python3.12/site-packages/airflow/operators/bash.py", line 243, in execute
    raise AirflowException(
airflow.exceptions.AirflowException: Bash command failed. The command returned a non-zero exit code 2.
[2024-09-25T18:37:52.552+0000] {taskinstance.py:1205} INFO - Marking task as UP_FOR_RETRY. dag_id=AirCrashInvestigation_pipeline, task_id=scrape, execution_date=20240925T183751, start_date=20240925T183752, end_date=20240925T183752
[2024-09-25T18:37:52.561+0000] {standard_task_runner.py:110} ERROR - Failed to execute job 22 for task scrape (Bash command failed. The command returned a non-zero exit code 2.; 706)
[2024-09-25T18:37:52.593+0000] {local_task_job_runner.py:240} INFO - Task exited with return code 1
[2024-09-25T18:37:52.603+0000] {taskinstance.py:3482} INFO - 0 downstream tasks scheduled from follow-on schedule check
[2024-09-25T18:37:52.603+0000] {local_task_job_runner.py:222} INFO - ::endgroup::
