[2024-09-25T18:32:03.323+0000] {local_task_job_runner.py:120} INFO - ::group::Pre task execution logs
[2024-09-25T18:32:03.334+0000] {taskinstance.py:2073} INFO - Dependencies all met for dep_context=non-requeueable deps ti=<TaskInstance: AirCrashInvestigation_pipeline.scrape manual__2024-09-25T18:32:02.624431+00:00 [queued]>
[2024-09-25T18:32:03.338+0000] {taskinstance.py:2073} INFO - Dependencies all met for dep_context=requeueable deps ti=<TaskInstance: AirCrashInvestigation_pipeline.scrape manual__2024-09-25T18:32:02.624431+00:00 [queued]>
[2024-09-25T18:32:03.338+0000] {taskinstance.py:2303} INFO - Starting attempt 1 of 2
[2024-09-25T18:32:03.345+0000] {taskinstance.py:2327} INFO - Executing <Task(BashOperator): scrape> on 2024-09-25 18:32:02.624431+00:00
[2024-09-25T18:32:03.347+0000] {warnings.py:110} WARNING - /home/***/.local/lib/python3.12/site-packages/***/task/task_runner/standard_task_runner.py:61: DeprecationWarning: This process (pid=622) is multi-threaded, use of fork() may lead to deadlocks in the child.
  pid = os.fork()

[2024-09-25T18:32:03.348+0000] {standard_task_runner.py:63} INFO - Started process 623 to run task
[2024-09-25T18:32:03.348+0000] {standard_task_runner.py:90} INFO - Running: ['***', 'tasks', 'run', 'AirCrashInvestigation_pipeline', 'scrape', 'manual__2024-09-25T18:32:02.624431+00:00', '--job-id', '19', '--raw', '--subdir', 'DAGS_FOLDER/main_dag.py', '--cfg-path', '/tmp/tmpecxkj5mw']
[2024-09-25T18:32:03.350+0000] {standard_task_runner.py:91} INFO - Job 19: Subtask scrape
[2024-09-25T18:32:03.371+0000] {task_command.py:426} INFO - Running <TaskInstance: AirCrashInvestigation_pipeline.scrape manual__2024-09-25T18:32:02.624431+00:00 [running]> on host 233e233591d2
[2024-09-25T18:32:03.410+0000] {taskinstance.py:2644} INFO - Exporting env vars: AIRFLOW_CTX_DAG_OWNER='***' AIRFLOW_CTX_DAG_ID='AirCrashInvestigation_pipeline' AIRFLOW_CTX_TASK_ID='scrape' AIRFLOW_CTX_EXECUTION_DATE='2024-09-25T18:32:02.624431+00:00' AIRFLOW_CTX_TRY_NUMBER='1' AIRFLOW_CTX_DAG_RUN_ID='manual__2024-09-25T18:32:02.624431+00:00'
[2024-09-25T18:32:03.411+0000] {taskinstance.py:430} INFO - ::endgroup::
[2024-09-25T18:32:03.417+0000] {subprocess.py:63} INFO - Tmp dir root location: /tmp
[2024-09-25T18:32:03.417+0000] {subprocess.py:75} INFO - Running command: ['/usr/bin/bash', '-c', 'python ../tasks/testcode.py']
[2024-09-25T18:32:03.421+0000] {subprocess.py:86} INFO - Output:
[2024-09-25T18:32:03.439+0000] {subprocess.py:93} INFO - python: can't open file '/tmp/***tmprl_l61x8/../tasks/testcode.py': [Errno 2] No such file or directory
[2024-09-25T18:32:03.441+0000] {subprocess.py:97} INFO - Command exited with return code 2
[2024-09-25T18:32:03.442+0000] {taskinstance.py:441} INFO - ::group::Post task execution logs
[2024-09-25T18:32:03.447+0000] {taskinstance.py:2890} ERROR - Task failed with exception
Traceback (most recent call last):
  File "/home/airflow/.local/lib/python3.12/site-packages/airflow/models/taskinstance.py", line 465, in _execute_task
    result = _execute_callable(context=context, **execute_callable_kwargs)
             ^^^^^^^^^^^^^^^^^^^^^^^^^^^^^^^^^^^^^^^^^^^^^^^^^^^^^^^^^^^^^
  File "/home/airflow/.local/lib/python3.12/site-packages/airflow/models/taskinstance.py", line 432, in _execute_callable
    return execute_callable(context=context, **execute_callable_kwargs)
           ^^^^^^^^^^^^^^^^^^^^^^^^^^^^^^^^^^^^^^^^^^^^^^^^^^^^^^^^^^^^
  File "/home/airflow/.local/lib/python3.12/site-packages/airflow/models/baseoperator.py", line 400, in wrapper
    return func(self, *args, **kwargs)
           ^^^^^^^^^^^^^^^^^^^^^^^^^^^
  File "/home/airflow/.local/lib/python3.12/site-packages/airflow/operators/bash.py", line 243, in execute
    raise AirflowException(
airflow.exceptions.AirflowException: Bash command failed. The command returned a non-zero exit code 2.
[2024-09-25T18:32:03.449+0000] {taskinstance.py:1205} INFO - Marking task as UP_FOR_RETRY. dag_id=AirCrashInvestigation_pipeline, task_id=scrape, execution_date=20240925T183202, start_date=20240925T183203, end_date=20240925T183203
[2024-09-25T18:32:03.456+0000] {standard_task_runner.py:110} ERROR - Failed to execute job 19 for task scrape (Bash command failed. The command returned a non-zero exit code 2.; 623)
[2024-09-25T18:32:03.488+0000] {local_task_job_runner.py:240} INFO - Task exited with return code 1
[2024-09-25T18:32:03.496+0000] {taskinstance.py:3482} INFO - 0 downstream tasks scheduled from follow-on schedule check
[2024-09-25T18:32:03.497+0000] {local_task_job_runner.py:222} INFO - ::endgroup::
