[2024-09-25T19:18:11.564+0000] {local_task_job_runner.py:120} INFO - ::group::Pre task execution logs
[2024-09-25T19:18:11.576+0000] {taskinstance.py:2073} INFO - Dependencies all met for dep_context=non-requeueable deps ti=<TaskInstance: AirCrashInvestigation_pipeline.scrape manual__2024-09-25T19:18:10.953671+00:00 [queued]>
[2024-09-25T19:18:11.580+0000] {taskinstance.py:2073} INFO - Dependencies all met for dep_context=requeueable deps ti=<TaskInstance: AirCrashInvestigation_pipeline.scrape manual__2024-09-25T19:18:10.953671+00:00 [queued]>
[2024-09-25T19:18:11.580+0000] {taskinstance.py:2303} INFO - Starting attempt 1 of 2
[2024-09-25T19:18:11.586+0000] {taskinstance.py:2327} INFO - Executing <Task(BashOperator): scrape> on 2024-09-25 19:18:10.953671+00:00
[2024-09-25T19:18:11.588+0000] {warnings.py:110} WARNING - /home/***/.local/lib/python3.12/site-packages/***/task/task_runner/standard_task_runner.py:61: DeprecationWarning: This process (pid=81) is multi-threaded, use of fork() may lead to deadlocks in the child.
  pid = os.fork()

[2024-09-25T19:18:11.589+0000] {standard_task_runner.py:63} INFO - Started process 82 to run task
[2024-09-25T19:18:11.589+0000] {standard_task_runner.py:90} INFO - Running: ['***', 'tasks', 'run', 'AirCrashInvestigation_pipeline', 'scrape', 'manual__2024-09-25T19:18:10.953671+00:00', '--job-id', '6', '--raw', '--subdir', 'DAGS_FOLDER/main_dag.py', '--cfg-path', '/tmp/tmpqrjnnbae']
[2024-09-25T19:18:11.591+0000] {standard_task_runner.py:91} INFO - Job 6: Subtask scrape
[2024-09-25T19:18:11.615+0000] {task_command.py:426} INFO - Running <TaskInstance: AirCrashInvestigation_pipeline.scrape manual__2024-09-25T19:18:10.953671+00:00 [running]> on host 3e7c0ef0cbf3
[2024-09-25T19:18:11.650+0000] {taskinstance.py:2644} INFO - Exporting env vars: AIRFLOW_CTX_DAG_OWNER='***' AIRFLOW_CTX_DAG_ID='AirCrashInvestigation_pipeline' AIRFLOW_CTX_TASK_ID='scrape' AIRFLOW_CTX_EXECUTION_DATE='2024-09-25T19:18:10.953671+00:00' AIRFLOW_CTX_TRY_NUMBER='1' AIRFLOW_CTX_DAG_RUN_ID='manual__2024-09-25T19:18:10.953671+00:00'
[2024-09-25T19:18:11.651+0000] {taskinstance.py:430} INFO - ::endgroup::
[2024-09-25T19:18:11.658+0000] {subprocess.py:63} INFO - Tmp dir root location: /tmp
[2024-09-25T19:18:11.659+0000] {subprocess.py:75} INFO - Running command: ['/usr/bin/bash', '-c', 'python ../tasks/testcode.py']
[2024-09-25T19:18:11.664+0000] {subprocess.py:86} INFO - Output:
[2024-09-25T19:18:11.688+0000] {subprocess.py:93} INFO - python: can't open file '/tmp/***tmpbf5xj_ru/../tasks/testcode.py': [Errno 2] No such file or directory
[2024-09-25T19:18:11.691+0000] {subprocess.py:97} INFO - Command exited with return code 2
[2024-09-25T19:18:11.691+0000] {taskinstance.py:441} INFO - ::group::Post task execution logs
[2024-09-25T19:18:11.697+0000] {taskinstance.py:2890} ERROR - Task failed with exception
Traceback (most recent call last):
  File "/home/airflow/.local/lib/python3.12/site-packages/airflow/models/taskinstance.py", line 465, in _execute_task
    result = _execute_callable(context=context, **execute_callable_kwargs)
             ^^^^^^^^^^^^^^^^^^^^^^^^^^^^^^^^^^^^^^^^^^^^^^^^^^^^^^^^^^^^^
  File "/home/airflow/.local/lib/python3.12/site-packages/airflow/models/taskinstance.py", line 432, in _execute_callable
    return execute_callable(context=context, **execute_callable_kwargs)
           ^^^^^^^^^^^^^^^^^^^^^^^^^^^^^^^^^^^^^^^^^^^^^^^^^^^^^^^^^^^^
  File "/home/airflow/.local/lib/python3.12/site-packages/airflow/models/baseoperator.py", line 400, in wrapper
    return func(self, *args, **kwargs)
           ^^^^^^^^^^^^^^^^^^^^^^^^^^^
  File "/home/airflow/.local/lib/python3.12/site-packages/airflow/operators/bash.py", line 243, in execute
    raise AirflowException(
airflow.exceptions.AirflowException: Bash command failed. The command returned a non-zero exit code 2.
[2024-09-25T19:18:11.700+0000] {taskinstance.py:1205} INFO - Marking task as UP_FOR_RETRY. dag_id=AirCrashInvestigation_pipeline, task_id=scrape, execution_date=20240925T191810, start_date=20240925T191811, end_date=20240925T191811
[2024-09-25T19:18:11.711+0000] {standard_task_runner.py:110} ERROR - Failed to execute job 6 for task scrape (Bash command failed. The command returned a non-zero exit code 2.; 82)
[2024-09-25T19:18:11.731+0000] {local_task_job_runner.py:240} INFO - Task exited with return code 1
[2024-09-25T19:18:11.740+0000] {taskinstance.py:3482} INFO - 0 downstream tasks scheduled from follow-on schedule check
[2024-09-25T19:18:11.741+0000] {local_task_job_runner.py:222} INFO - ::endgroup::
